CRITICAL - 2023-12-13 02:27:49 --> Class "App\Models\CreateUsers" not found
in APPPATH\Controllers\CreateUser.php on line 19.
 1 SYSTEMPATH\CodeIgniter.php(919): App\Controllers\CreateUser->getData()
 2 SYSTEMPATH\CodeIgniter.php(494): CodeIgniter\CodeIgniter->runController(Object(App\Controllers\CreateUser))
 3 SYSTEMPATH\CodeIgniter.php(353): CodeIgniter\CodeIgniter->handleRequest(null, Object(Config\Cache), false)
 4 FCPATH\index.php(88): CodeIgniter\CodeIgniter->run()
CRITICAL - 2023-12-13 02:28:17 --> Class "App\Models\CreateUsers" not found
in APPPATH\Controllers\CreateUser.php on line 19.
 1 SYSTEMPATH\CodeIgniter.php(919): App\Controllers\CreateUser->getData()
 2 SYSTEMPATH\CodeIgniter.php(494): CodeIgniter\CodeIgniter->runController(Object(App\Controllers\CreateUser))
 3 SYSTEMPATH\CodeIgniter.php(353): CodeIgniter\CodeIgniter->handleRequest(null, Object(Config\Cache), false)
 4 FCPATH\index.php(88): CodeIgniter\CodeIgniter->run()
CRITICAL - 2023-12-13 02:29:10 --> Class "App\Models\CreateUsers" not found
in APPPATH\Controllers\CreateUser.php on line 19.
 1 SYSTEMPATH\CodeIgniter.php(919): App\Controllers\CreateUser->getData()
 2 SYSTEMPATH\CodeIgniter.php(494): CodeIgniter\CodeIgniter->runController(Object(App\Controllers\CreateUser))
 3 SYSTEMPATH\CodeIgniter.php(353): CodeIgniter\CodeIgniter->handleRequest(null, Object(Config\Cache), false)
 4 FCPATH\index.php(88): CodeIgniter\CodeIgniter->run()
CRITICAL - 2023-12-13 02:31:06 --> Class "App\Models\CreateUsers" not found
in APPPATH\Controllers\CreateUser.php on line 19.
 1 SYSTEMPATH\CodeIgniter.php(919): App\Controllers\CreateUser->getData()
 2 SYSTEMPATH\CodeIgniter.php(494): CodeIgniter\CodeIgniter->runController(Object(App\Controllers\CreateUser))
 3 SYSTEMPATH\CodeIgniter.php(353): CodeIgniter\CodeIgniter->handleRequest(null, Object(Config\Cache), false)
 4 FCPATH\index.php(88): CodeIgniter\CodeIgniter->run()
CRITICAL - 2023-12-13 02:31:07 --> Class "App\Models\CreateUsers" not found
in APPPATH\Controllers\CreateUser.php on line 19.
 1 SYSTEMPATH\CodeIgniter.php(919): App\Controllers\CreateUser->getData()
 2 SYSTEMPATH\CodeIgniter.php(494): CodeIgniter\CodeIgniter->runController(Object(App\Controllers\CreateUser))
 3 SYSTEMPATH\CodeIgniter.php(353): CodeIgniter\CodeIgniter->handleRequest(null, Object(Config\Cache), false)
 4 FCPATH\index.php(88): CodeIgniter\CodeIgniter->run()
CRITICAL - 2023-12-13 02:31:07 --> Class "App\Models\CreateUsers" not found
in APPPATH\Controllers\CreateUser.php on line 19.
 1 SYSTEMPATH\CodeIgniter.php(919): App\Controllers\CreateUser->getData()
 2 SYSTEMPATH\CodeIgniter.php(494): CodeIgniter\CodeIgniter->runController(Object(App\Controllers\CreateUser))
 3 SYSTEMPATH\CodeIgniter.php(353): CodeIgniter\CodeIgniter->handleRequest(null, Object(Config\Cache), false)
 4 FCPATH\index.php(88): CodeIgniter\CodeIgniter->run()
CRITICAL - 2023-12-13 02:32:18 --> Class "App\Models\CreateUsers" not found
in APPPATH\Controllers\CreateUser.php on line 19.
 1 SYSTEMPATH\CodeIgniter.php(919): App\Controllers\CreateUser->getData()
 2 SYSTEMPATH\CodeIgniter.php(494): CodeIgniter\CodeIgniter->runController(Object(App\Controllers\CreateUser))
 3 SYSTEMPATH\CodeIgniter.php(353): CodeIgniter\CodeIgniter->handleRequest(null, Object(Config\Cache), false)
 4 FCPATH\index.php(88): CodeIgniter\CodeIgniter->run()
CRITICAL - 2023-12-13 02:36:57 --> Class "App\Models\CreateUsers" not found
in APPPATH\Controllers\CreateUser.php on line 19.
 1 SYSTEMPATH\CodeIgniter.php(919): App\Controllers\CreateUser->getData()
 2 SYSTEMPATH\CodeIgniter.php(494): CodeIgniter\CodeIgniter->runController(Object(App\Controllers\CreateUser))
 3 SYSTEMPATH\CodeIgniter.php(353): CodeIgniter\CodeIgniter->handleRequest(null, Object(Config\Cache), false)
 4 FCPATH\index.php(88): CodeIgniter\CodeIgniter->run()
CRITICAL - 2023-12-13 02:38:53 --> Class "App\Models\CreateUsers" not found
in APPPATH\Controllers\CreateUser.php on line 19.
 1 SYSTEMPATH\CodeIgniter.php(919): App\Controllers\CreateUser->getData()
 2 SYSTEMPATH\CodeIgniter.php(494): CodeIgniter\CodeIgniter->runController(Object(App\Controllers\CreateUser))
 3 SYSTEMPATH\CodeIgniter.php(353): CodeIgniter\CodeIgniter->handleRequest(null, Object(Config\Cache), false)
 4 FCPATH\index.php(88): CodeIgniter\CodeIgniter->run()
CRITICAL - 2023-12-13 02:50:24 --> Call to undefined method App\Controllers\UserController::response()
in APPPATH\Controllers\UserController.php on line 20.
 1 SYSTEMPATH\CodeIgniter.php(919): App\Controllers\UserController->getData()
 2 SYSTEMPATH\CodeIgniter.php(494): CodeIgniter\CodeIgniter->runController(Object(App\Controllers\UserController))
 3 SYSTEMPATH\CodeIgniter.php(353): CodeIgniter\CodeIgniter->handleRequest(null, Object(Config\Cache), false)
 4 FCPATH\index.php(88): CodeIgniter\CodeIgniter->run()
CRITICAL - 2023-12-13 02:50:52 --> Call to undefined method App\Controllers\UserController::responsd()
in APPPATH\Controllers\UserController.php on line 20.
 1 SYSTEMPATH\CodeIgniter.php(919): App\Controllers\UserController->getData()
 2 SYSTEMPATH\CodeIgniter.php(494): CodeIgniter\CodeIgniter->runController(Object(App\Controllers\UserController))
 3 SYSTEMPATH\CodeIgniter.php(353): CodeIgniter\CodeIgniter->handleRequest(null, Object(Config\Cache), false)
 4 FCPATH\index.php(88): CodeIgniter\CodeIgniter->run()
